TN:
SF:src\entity\address.ts
FN:1,get
FN:17,validate
FN:8,Address
FNF:3
FNH:3
FNDA:1,get
FNDA:1,validate
FNDA:1,Address
DA:1,1
DA:2,1
DA:3,1
DA:4,1
DA:5,1
DA:6,1
DA:7,1
DA:8,1
DA:9,1
DA:10,1
DA:11,1
DA:12,1
DA:13,1
DA:14,1
DA:15,1
DA:16,1
DA:17,1
DA:18,1
DA:19,0
DA:20,0
DA:21,1
DA:22,0
DA:23,0
DA:24,1
DA:25,0
DA:26,0
DA:27,1
DA:28,0
DA:29,0
DA:30,1
DA:31,1
LF:31
LH:23
BRDA:1,0,0,1
BRDA:17,1,0,1
BRDA:18,2,0,0
BRDA:21,3,0,0
BRDA:24,4,0,0
BRDA:27,5,0,0
BRDA:8,6,0,1
BRF:7
BRH:3
end_of_record
TN:
SF:src\entity\customer.ts
FN:3,get
FN:16,get name
FN:20,validate
FN:29,changeName
FN:34,isActive
FN:38,activate
FN:45,desactivate
FN:49,set Address
FN:10,Customer
FNF:9
FNH:9
FNDA:6,get
FNDA:1,get name
FNDA:7,validate
FNDA:1,changeName
FNDA:2,isActive
FNDA:2,activate
FNDA:1,desactivate
FNDA:1,set Address
FNDA:6,Customer
DA:1,1
DA:2,1
DA:3,1
DA:4,1
DA:5,1
DA:6,1
DA:7,1
DA:8,1
DA:9,1
DA:10,1
DA:11,6
DA:12,6
DA:13,6
DA:14,6
DA:15,1
DA:16,1
DA:17,1
DA:18,1
DA:19,1
DA:20,1
DA:21,7
DA:22,1
DA:23,1
DA:24,7
DA:25,1
DA:26,1
DA:27,7
DA:28,1
DA:29,1
DA:30,1
DA:31,1
DA:32,1
DA:33,1
DA:34,1
DA:35,2
DA:36,2
DA:37,1
DA:38,1
DA:39,2
DA:40,1
DA:41,1
DA:42,1
DA:43,1
DA:44,1
DA:45,1
DA:46,1
DA:47,1
DA:48,1
DA:49,1
DA:50,1
DA:51,1
DA:52,1
LF:52
LH:52
BRDA:3,0,0,6
BRDA:16,1,0,1
BRDA:20,2,0,7
BRDA:21,3,0,1
BRDA:24,4,0,6
BRDA:24,5,0,1
BRDA:29,6,0,1
BRDA:34,7,0,2
BRDA:38,8,0,2
BRDA:39,9,0,1
BRDA:45,10,0,1
BRDA:49,11,0,1
BRDA:10,12,0,6
BRF:13
BRH:13
end_of_record
TN:
SF:src\entity\order.ts
FN:3,get
FN:18,validate
FN:34,total
FN:10,Order
FNF:4
FNH:4
FNDA:6,get
FNDA:6,validate
FNDA:8,total
FNDA:6,Order
DA:1,1
DA:2,1
DA:3,1
DA:4,1
DA:5,1
DA:6,1
DA:7,1
DA:8,1
DA:9,1
DA:10,1
DA:11,6
DA:12,6
DA:13,6
DA:14,6
DA:15,6
DA:16,6
DA:17,1
DA:18,1
DA:19,6
DA:20,1
DA:21,1
DA:22,6
DA:23,1
DA:24,1
DA:25,6
DA:26,1
DA:27,1
DA:28,6
DA:29,1
DA:30,1
DA:31,2
DA:32,2
DA:33,1
DA:34,1
DA:35,8
DA:36,8
DA:37,1
LF:37
LH:37
BRDA:3,0,0,6
BRDA:18,1,0,6
BRDA:19,2,0,1
BRDA:22,3,0,5
BRDA:22,4,0,1
BRDA:25,5,0,4
BRDA:25,6,0,1
BRDA:28,7,0,3
BRDA:28,8,0,1
BRDA:31,9,0,2
BRDA:28,10,0,4
BRDA:34,11,0,8
BRDA:35,12,0,7
BRDA:10,13,0,6
BRF:14
BRH:14
end_of_record
TN:
SF:src\entity\order_item.ts
FN:1,get
FN:16,get quantity
FN:20,orderItemTotal
FN:8,OrderItem
FNF:4
FNH:4
FNDA:3,get
FNDA:4,get quantity
FNDA:7,orderItemTotal
FNDA:3,OrderItem
DA:1,1
DA:2,1
DA:3,1
DA:4,1
DA:5,1
DA:6,1
DA:7,1
DA:8,1
DA:9,3
DA:10,3
DA:11,3
DA:12,3
DA:13,3
DA:14,3
DA:15,1
DA:16,1
DA:17,4
DA:18,4
DA:19,1
DA:20,1
DA:21,7
DA:22,7
DA:23,1
DA:24,1
LF:24
LH:24
BRDA:1,0,0,3
BRDA:16,1,0,4
BRDA:20,2,0,7
BRDA:8,3,0,3
BRF:4
BRH:4
end_of_record
TN:
SF:src\entity\product.ts
FN:1,get
FN:15,get name
FN:20,get price
FN:24,changeName
FN:29,changePrice
FN:34,validate
FN:7,Product
FNF:7
FNH:7
FNDA:5,get
FNDA:1,get name
FNDA:1,get price
FNDA:1,changeName
FNDA:1,changePrice
FNDA:7,validate
FNDA:5,Product
DA:1,1
DA:2,1
DA:3,1
DA:4,1
DA:5,1
DA:6,1
DA:7,1
DA:8,5
DA:9,5
DA:10,5
DA:11,5
DA:12,5
DA:13,1
DA:14,1
DA:15,1
DA:16,1
DA:17,1
DA:18,1
DA:19,1
DA:20,1
DA:21,1
DA:22,1
DA:23,1
DA:24,1
DA:25,1
DA:26,1
DA:27,1
DA:28,1
DA:29,1
DA:30,1
DA:31,1
DA:32,1
DA:33,1
DA:34,1
DA:35,7
DA:36,1
DA:37,1
DA:38,7
DA:39,1
DA:40,1
DA:41,7
DA:42,1
DA:43,1
DA:44,4
DA:45,4
DA:46,4
DA:47,1
LF:47
LH:47
BRDA:1,0,0,5
BRDA:15,1,0,1
BRDA:20,2,0,1
BRDA:24,3,0,1
BRDA:29,4,0,1
BRDA:34,5,0,7
BRDA:35,6,0,1
BRDA:38,7,0,6
BRDA:38,8,0,1
BRDA:41,9,0,5
BRDA:41,10,0,1
BRDA:44,11,0,4
BRDA:7,12,0,5
BRF:13
BRH:13
end_of_record
